[I 2023-12-07 04:43:19,504] A new study created in memory with name: cocitationcora_study
/users/Min/GAug/optuna_HGAugO_test.py:125: FutureWarning: suggest_discrete_uniform has been deprecated in v3.0.0. This feature will be removed in v6.0.0. See https://github.com/optuna/optuna/releases/tag/v3.0.0. Use suggest_float(..., step=...) instead.
  change_frac = trial.suggest_discrete_uniform('alpha', 0, 1, 0.01)
/users/Min/GAug/optuna_HGAugO_test.py:126: FutureWarning: suggest_discrete_uniform has been deprecated in v3.0.0. This feature will be removed in v6.0.0. See https://github.com/optuna/optuna/releases/tag/v3.0.0. Use suggest_float(..., step=...) instead.
  beta = trial.suggest_discrete_uniform('beta', 0.0, 4.0, 0.1)
/users/Min/GAug/optuna_HGAugO_test.py:127: FutureWarning: suggest_discrete_uniform has been deprecated in v3.0.0. This feature will be removed in v6.0.0. See https://github.com/optuna/optuna/releases/tag/v3.0.0. Use suggest_float(..., step=...) instead.
  temp = trial.suggest_discrete_uniform('temp', 0.1, 2.1, 0.1)
/users/Min/GAug/optuna_HGAugO_test.py:129: FutureWarning: suggest_discrete_uniform has been deprecated in v3.0.0. This feature will be removed in v6.0.0. See https://github.com/optuna/optuna/releases/tag/v3.0.0. Use suggest_float(..., step=...) instead.
  pretrain_ep = trial.suggest_discrete_uniform('pretrain_ep', 5, 300, 5)
/users/Min/GAug/optuna_HGAugO_test.py:130: FutureWarning: suggest_discrete_uniform has been deprecated in v3.0.0. This feature will be removed in v6.0.0. See https://github.com/optuna/optuna/releases/tag/v3.0.0. Use suggest_float(..., step=...) instead.
  pretrain_nc = trial.suggest_discrete_uniform('pretrain_nc', 5, 300, 5)
/users/Min/GAug/optuna_HGAugO_test.py:140: FutureWarning: suggest_uniform has been deprecated in v3.0.0. This feature will be removed in v6.0.0. See https://github.com/optuna/optuna/releases/tag/v3.0.0. Use suggest_float instead.
  trial.suggest_uniform('acc', acc, acc)
/users/Min/GAug/optuna_HGAugO_test.py:141: FutureWarning: suggest_uniform has been deprecated in v3.0.0. This feature will be removed in v6.0.0. See https://github.com/optuna/optuna/releases/tag/v3.0.0. Use suggest_float instead.
  trial.suggest_uniform('std', std, std)
[I 2023-12-08 11:21:49,824] Trial 0 finished with value: 0.37655763239875406 and parameters: {'alpha': 0.5700000000000001, 'beta': 0.5, 'temp': 1.4000000000000001, 'warmup': 5, 'pretrain_ep': 125.0, 'pretrain_nc': 115.0, 'dataset': 'cora', 'gnn': 'gcn', 'acc': 0.37655763239875406, 'std': 1.6653345369377348e-16}. Best is trial 0 with value: 0.37655763239875406.
/users/Min/GAug/optuna_HGAugO_test.py:125: FutureWarning: suggest_discrete_uniform has been deprecated in v3.0.0. This feature will be removed in v6.0.0. See https://github.com/optuna/optuna/releases/tag/v3.0.0. Use suggest_float(..., step=...) instead.
  change_frac = trial.suggest_discrete_uniform('alpha', 0, 1, 0.01)
/users/Min/GAug/optuna_HGAugO_test.py:126: FutureWarning: suggest_discrete_uniform has been deprecated in v3.0.0. This feature will be removed in v6.0.0. See https://github.com/optuna/optuna/releases/tag/v3.0.0. Use suggest_float(..., step=...) instead.
  beta = trial.suggest_discrete_uniform('beta', 0.0, 4.0, 0.1)
/users/Min/GAug/optuna_HGAugO_test.py:127: FutureWarning: suggest_discrete_uniform has been deprecated in v3.0.0. This feature will be removed in v6.0.0. See https://github.com/optuna/optuna/releases/tag/v3.0.0. Use suggest_float(..., step=...) instead.
  temp = trial.suggest_discrete_uniform('temp', 0.1, 2.1, 0.1)
/users/Min/GAug/optuna_HGAugO_test.py:129: FutureWarning: suggest_discrete_uniform has been deprecated in v3.0.0. This feature will be removed in v6.0.0. See https://github.com/optuna/optuna/releases/tag/v3.0.0. Use suggest_float(..., step=...) instead.
  pretrain_ep = trial.suggest_discrete_uniform('pretrain_ep', 5, 300, 5)
/users/Min/GAug/optuna_HGAugO_test.py:130: FutureWarning: suggest_discrete_uniform has been deprecated in v3.0.0. This feature will be removed in v6.0.0. See https://github.com/optuna/optuna/releases/tag/v3.0.0. Use suggest_float(..., step=...) instead.
  pretrain_nc = trial.suggest_discrete_uniform('pretrain_nc', 5, 300, 5)
/users/Min/GAug/optuna_HGAugO_test.py:140: FutureWarning: suggest_uniform has been deprecated in v3.0.0. This feature will be removed in v6.0.0. See https://github.com/optuna/optuna/releases/tag/v3.0.0. Use suggest_float instead.
  trial.suggest_uniform('acc', acc, acc)
/users/Min/GAug/optuna_HGAugO_test.py:141: FutureWarning: suggest_uniform has been deprecated in v3.0.0. This feature will be removed in v6.0.0. See https://github.com/optuna/optuna/releases/tag/v3.0.0. Use suggest_float instead.
  trial.suggest_uniform('std', std, std)
[I 2023-12-09 00:21:07,791] Trial 1 finished with value: 0.37110591900311524 and parameters: {'alpha': 0.32, 'beta': 0.5, 'temp': 0.6, 'warmup': 10, 'pretrain_ep': 10.0, 'pretrain_nc': 70.0, 'dataset': 'cora', 'gnn': 'gcn', 'acc': 0.37110591900311524, 'std': 5.551115123125783e-17}. Best is trial 0 with value: 0.37655763239875406.
/users/Min/GAug/optuna_HGAugO_test.py:125: FutureWarning: suggest_discrete_uniform has been deprecated in v3.0.0. This feature will be removed in v6.0.0. See https://github.com/optuna/optuna/releases/tag/v3.0.0. Use suggest_float(..., step=...) instead.
  change_frac = trial.suggest_discrete_uniform('alpha', 0, 1, 0.01)
/users/Min/GAug/optuna_HGAugO_test.py:126: FutureWarning: suggest_discrete_uniform has been deprecated in v3.0.0. This feature will be removed in v6.0.0. See https://github.com/optuna/optuna/releases/tag/v3.0.0. Use suggest_float(..., step=...) instead.
  beta = trial.suggest_discrete_uniform('beta', 0.0, 4.0, 0.1)
/users/Min/GAug/optuna_HGAugO_test.py:127: FutureWarning: suggest_discrete_uniform has been deprecated in v3.0.0. This feature will be removed in v6.0.0. See https://github.com/optuna/optuna/releases/tag/v3.0.0. Use suggest_float(..., step=...) instead.
  temp = trial.suggest_discrete_uniform('temp', 0.1, 2.1, 0.1)
/users/Min/GAug/optuna_HGAugO_test.py:129: FutureWarning: suggest_discrete_uniform has been deprecated in v3.0.0. This feature will be removed in v6.0.0. See https://github.com/optuna/optuna/releases/tag/v3.0.0. Use suggest_float(..., step=...) instead.
  pretrain_ep = trial.suggest_discrete_uniform('pretrain_ep', 5, 300, 5)
/users/Min/GAug/optuna_HGAugO_test.py:130: FutureWarning: suggest_discrete_uniform has been deprecated in v3.0.0. This feature will be removed in v6.0.0. See https://github.com/optuna/optuna/releases/tag/v3.0.0. Use suggest_float(..., step=...) instead.
  pretrain_nc = trial.suggest_discrete_uniform('pretrain_nc', 5, 300, 5)
/users/Min/GAug/optuna_HGAugO_test.py:140: FutureWarning: suggest_uniform has been deprecated in v3.0.0. This feature will be removed in v6.0.0. See https://github.com/optuna/optuna/releases/tag/v3.0.0. Use suggest_float instead.
  trial.suggest_uniform('acc', acc, acc)
/users/Min/GAug/optuna_HGAugO_test.py:141: FutureWarning: suggest_uniform has been deprecated in v3.0.0. This feature will be removed in v6.0.0. See https://github.com/optuna/optuna/releases/tag/v3.0.0. Use suggest_float instead.
  trial.suggest_uniform('std', std, std)
[I 2023-12-09 05:53:59,821] Trial 2 finished with value: 0.4232866043613708 and parameters: {'alpha': 0.05, 'beta': 2.3000000000000003, 'temp': 0.2, 'warmup': 8, 'pretrain_ep': 140.0, 'pretrain_nc': 290.0, 'dataset': 'cora', 'gnn': 'gcn', 'acc': 0.4232866043613708, 'std': 5.551115123125783e-17}. Best is trial 2 with value: 0.4232866043613708.
/users/Min/GAug/optuna_HGAugO_test.py:125: FutureWarning: suggest_discrete_uniform has been deprecated in v3.0.0. This feature will be removed in v6.0.0. See https://github.com/optuna/optuna/releases/tag/v3.0.0. Use suggest_float(..., step=...) instead.
  change_frac = trial.suggest_discrete_uniform('alpha', 0, 1, 0.01)
/users/Min/GAug/optuna_HGAugO_test.py:126: FutureWarning: suggest_discrete_uniform has been deprecated in v3.0.0. This feature will be removed in v6.0.0. See https://github.com/optuna/optuna/releases/tag/v3.0.0. Use suggest_float(..., step=...) instead.
  beta = trial.suggest_discrete_uniform('beta', 0.0, 4.0, 0.1)
/users/Min/GAug/optuna_HGAugO_test.py:127: FutureWarning: suggest_discrete_uniform has been deprecated in v3.0.0. This feature will be removed in v6.0.0. See https://github.com/optuna/optuna/releases/tag/v3.0.0. Use suggest_float(..., step=...) instead.
  temp = trial.suggest_discrete_uniform('temp', 0.1, 2.1, 0.1)
/users/Min/GAug/optuna_HGAugO_test.py:129: FutureWarning: suggest_discrete_uniform has been deprecated in v3.0.0. This feature will be removed in v6.0.0. See https://github.com/optuna/optuna/releases/tag/v3.0.0. Use suggest_float(..., step=...) instead.
  pretrain_ep = trial.suggest_discrete_uniform('pretrain_ep', 5, 300, 5)
/users/Min/GAug/optuna_HGAugO_test.py:130: FutureWarning: suggest_discrete_uniform has been deprecated in v3.0.0. This feature will be removed in v6.0.0. See https://github.com/optuna/optuna/releases/tag/v3.0.0. Use suggest_float(..., step=...) instead.
  pretrain_nc = trial.suggest_discrete_uniform('pretrain_nc', 5, 300, 5)
/users/Min/GAug/optuna_HGAugO_test.py:140: FutureWarning: suggest_uniform has been deprecated in v3.0.0. This feature will be removed in v6.0.0. See https://github.com/optuna/optuna/releases/tag/v3.0.0. Use suggest_float instead.
  trial.suggest_uniform('acc', acc, acc)
/users/Min/GAug/optuna_HGAugO_test.py:141: FutureWarning: suggest_uniform has been deprecated in v3.0.0. This feature will be removed in v6.0.0. See https://github.com/optuna/optuna/releases/tag/v3.0.0. Use suggest_float instead.
  trial.suggest_uniform('std', std, std)
[I 2023-12-10 01:28:01,118] Trial 3 finished with value: 0.4135514018691589 and parameters: {'alpha': 0.44, 'beta': 3.9000000000000004, 'temp': 0.2, 'warmup': 6, 'pretrain_ep': 290.0, 'pretrain_nc': 50.0, 'dataset': 'cora', 'gnn': 'gcn', 'acc': 0.4135514018691589, 'std': 0.0}. Best is trial 2 with value: 0.4232866043613708.
/users/Min/GAug/optuna_HGAugO_test.py:125: FutureWarning: suggest_discrete_uniform has been deprecated in v3.0.0. This feature will be removed in v6.0.0. See https://github.com/optuna/optuna/releases/tag/v3.0.0. Use suggest_float(..., step=...) instead.
  change_frac = trial.suggest_discrete_uniform('alpha', 0, 1, 0.01)
/users/Min/GAug/optuna_HGAugO_test.py:126: FutureWarning: suggest_discrete_uniform has been deprecated in v3.0.0. This feature will be removed in v6.0.0. See https://github.com/optuna/optuna/releases/tag/v3.0.0. Use suggest_float(..., step=...) instead.
  beta = trial.suggest_discrete_uniform('beta', 0.0, 4.0, 0.1)
/users/Min/GAug/optuna_HGAugO_test.py:127: FutureWarning: suggest_discrete_uniform has been deprecated in v3.0.0. This feature will be removed in v6.0.0. See https://github.com/optuna/optuna/releases/tag/v3.0.0. Use suggest_float(..., step=...) instead.
  temp = trial.suggest_discrete_uniform('temp', 0.1, 2.1, 0.1)
/users/Min/GAug/optuna_HGAugO_test.py:129: FutureWarning: suggest_discrete_uniform has been deprecated in v3.0.0. This feature will be removed in v6.0.0. See https://github.com/optuna/optuna/releases/tag/v3.0.0. Use suggest_float(..., step=...) instead.
  pretrain_ep = trial.suggest_discrete_uniform('pretrain_ep', 5, 300, 5)
/users/Min/GAug/optuna_HGAugO_test.py:130: FutureWarning: suggest_discrete_uniform has been deprecated in v3.0.0. This feature will be removed in v6.0.0. See https://github.com/optuna/optuna/releases/tag/v3.0.0. Use suggest_float(..., step=...) instead.
  pretrain_nc = trial.suggest_discrete_uniform('pretrain_nc', 5, 300, 5)
/users/Min/GAug/optuna_HGAugO_test.py:140: FutureWarning: suggest_uniform has been deprecated in v3.0.0. This feature will be removed in v6.0.0. See https://github.com/optuna/optuna/releases/tag/v3.0.0. Use suggest_float instead.
  trial.suggest_uniform('acc', acc, acc)
/users/Min/GAug/optuna_HGAugO_test.py:141: FutureWarning: suggest_uniform has been deprecated in v3.0.0. This feature will be removed in v6.0.0. See https://github.com/optuna/optuna/releases/tag/v3.0.0. Use suggest_float instead.
  trial.suggest_uniform('std', std, std)
[I 2023-12-11 18:21:05,895] Trial 4 finished with value: 0.4190031152647978 and parameters: {'alpha': 0.7000000000000001, 'beta': 1.7000000000000002, 'temp': 0.7000000000000001, 'warmup': 10, 'pretrain_ep': 95.0, 'pretrain_nc': 295.0, 'dataset': 'cora', 'gnn': 'gcn', 'acc': 0.4190031152647978, 'std': 2.7755575615628914e-16}. Best is trial 2 with value: 0.4232866043613708.
/users/Min/GAug/optuna_HGAugO_test.py:125: FutureWarning: suggest_discrete_uniform has been deprecated in v3.0.0. This feature will be removed in v6.0.0. See https://github.com/optuna/optuna/releases/tag/v3.0.0. Use suggest_float(..., step=...) instead.
  change_frac = trial.suggest_discrete_uniform('alpha', 0, 1, 0.01)
/users/Min/GAug/optuna_HGAugO_test.py:126: FutureWarning: suggest_discrete_uniform has been deprecated in v3.0.0. This feature will be removed in v6.0.0. See https://github.com/optuna/optuna/releases/tag/v3.0.0. Use suggest_float(..., step=...) instead.
  beta = trial.suggest_discrete_uniform('beta', 0.0, 4.0, 0.1)
/users/Min/GAug/optuna_HGAugO_test.py:127: FutureWarning: suggest_discrete_uniform has been deprecated in v3.0.0. This feature will be removed in v6.0.0. See https://github.com/optuna/optuna/releases/tag/v3.0.0. Use suggest_float(..., step=...) instead.
  temp = trial.suggest_discrete_uniform('temp', 0.1, 2.1, 0.1)
/users/Min/GAug/optuna_HGAugO_test.py:129: FutureWarning: suggest_discrete_uniform has been deprecated in v3.0.0. This feature will be removed in v6.0.0. See https://github.com/optuna/optuna/releases/tag/v3.0.0. Use suggest_float(..., step=...) instead.
  pretrain_ep = trial.suggest_discrete_uniform('pretrain_ep', 5, 300, 5)
/users/Min/GAug/optuna_HGAugO_test.py:130: FutureWarning: suggest_discrete_uniform has been deprecated in v3.0.0. This feature will be removed in v6.0.0. See https://github.com/optuna/optuna/releases/tag/v3.0.0. Use suggest_float(..., step=...) instead.
  pretrain_nc = trial.suggest_discrete_uniform('pretrain_nc', 5, 300, 5)
/users/Min/GAug/optuna_HGAugO_test.py:140: FutureWarning: suggest_uniform has been deprecated in v3.0.0. This feature will be removed in v6.0.0. See https://github.com/optuna/optuna/releases/tag/v3.0.0. Use suggest_float instead.
  trial.suggest_uniform('acc', acc, acc)
/users/Min/GAug/optuna_HGAugO_test.py:141: FutureWarning: suggest_uniform has been deprecated in v3.0.0. This feature will be removed in v6.0.0. See https://github.com/optuna/optuna/releases/tag/v3.0.0. Use suggest_float instead.
  trial.suggest_uniform('std', std, std)
[I 2023-12-12 13:50:57,617] Trial 5 finished with value: 0.4123831775700934 and parameters: {'alpha': 0.44, 'beta': 0.1, 'temp': 0.30000000000000004, 'warmup': 7, 'pretrain_ep': 115.0, 'pretrain_nc': 150.0, 'dataset': 'cora', 'gnn': 'gcn', 'acc': 0.4123831775700934, 'std': 5.551115123125783e-17}. Best is trial 2 with value: 0.4232866043613708.
/users/Min/GAug/optuna_HGAugO_test.py:125: FutureWarning: suggest_discrete_uniform has been deprecated in v3.0.0. This feature will be removed in v6.0.0. See https://github.com/optuna/optuna/releases/tag/v3.0.0. Use suggest_float(..., step=...) instead.
  change_frac = trial.suggest_discrete_uniform('alpha', 0, 1, 0.01)
/users/Min/GAug/optuna_HGAugO_test.py:126: FutureWarning: suggest_discrete_uniform has been deprecated in v3.0.0. This feature will be removed in v6.0.0. See https://github.com/optuna/optuna/releases/tag/v3.0.0. Use suggest_float(..., step=...) instead.
  beta = trial.suggest_discrete_uniform('beta', 0.0, 4.0, 0.1)
/users/Min/GAug/optuna_HGAugO_test.py:127: FutureWarning: suggest_discrete_uniform has been deprecated in v3.0.0. This feature will be removed in v6.0.0. See https://github.com/optuna/optuna/releases/tag/v3.0.0. Use suggest_float(..., step=...) instead.
  temp = trial.suggest_discrete_uniform('temp', 0.1, 2.1, 0.1)
/users/Min/GAug/optuna_HGAugO_test.py:129: FutureWarning: suggest_discrete_uniform has been deprecated in v3.0.0. This feature will be removed in v6.0.0. See https://github.com/optuna/optuna/releases/tag/v3.0.0. Use suggest_float(..., step=...) instead.
  pretrain_ep = trial.suggest_discrete_uniform('pretrain_ep', 5, 300, 5)
/users/Min/GAug/optuna_HGAugO_test.py:130: FutureWarning: suggest_discrete_uniform has been deprecated in v3.0.0. This feature will be removed in v6.0.0. See https://github.com/optuna/optuna/releases/tag/v3.0.0. Use suggest_float(..., step=...) instead.
  pretrain_nc = trial.suggest_discrete_uniform('pretrain_nc', 5, 300, 5)
/users/Min/GAug/optuna_HGAugO_test.py:140: FutureWarning: suggest_uniform has been deprecated in v3.0.0. This feature will be removed in v6.0.0. See https://github.com/optuna/optuna/releases/tag/v3.0.0. Use suggest_float instead.
  trial.suggest_uniform('acc', acc, acc)
/users/Min/GAug/optuna_HGAugO_test.py:141: FutureWarning: suggest_uniform has been deprecated in v3.0.0. This feature will be removed in v6.0.0. See https://github.com/optuna/optuna/releases/tag/v3.0.0. Use suggest_float instead.
  trial.suggest_uniform('std', std, std)
[I 2023-12-12 20:06:35,412] Trial 6 finished with value: 0.3777258566978194 and parameters: {'alpha': 0.06, 'beta': 1.1, 'temp': 1.3000000000000003, 'warmup': 1, 'pretrain_ep': 270.0, 'pretrain_nc': 265.0, 'dataset': 'cora', 'gnn': 'gcn', 'acc': 0.3777258566978194, 'std': 5.551115123125783e-17}. Best is trial 2 with value: 0.4232866043613708.
/users/Min/GAug/optuna_HGAugO_test.py:125: FutureWarning: suggest_discrete_uniform has been deprecated in v3.0.0. This feature will be removed in v6.0.0. See https://github.com/optuna/optuna/releases/tag/v3.0.0. Use suggest_float(..., step=...) instead.
  change_frac = trial.suggest_discrete_uniform('alpha', 0, 1, 0.01)
/users/Min/GAug/optuna_HGAugO_test.py:126: FutureWarning: suggest_discrete_uniform has been deprecated in v3.0.0. This feature will be removed in v6.0.0. See https://github.com/optuna/optuna/releases/tag/v3.0.0. Use suggest_float(..., step=...) instead.
  beta = trial.suggest_discrete_uniform('beta', 0.0, 4.0, 0.1)
/users/Min/GAug/optuna_HGAugO_test.py:127: FutureWarning: suggest_discrete_uniform has been deprecated in v3.0.0. This feature will be removed in v6.0.0. See https://github.com/optuna/optuna/releases/tag/v3.0.0. Use suggest_float(..., step=...) instead.
  temp = trial.suggest_discrete_uniform('temp', 0.1, 2.1, 0.1)
/users/Min/GAug/optuna_HGAugO_test.py:129: FutureWarning: suggest_discrete_uniform has been deprecated in v3.0.0. This feature will be removed in v6.0.0. See https://github.com/optuna/optuna/releases/tag/v3.0.0. Use suggest_float(..., step=...) instead.
  pretrain_ep = trial.suggest_discrete_uniform('pretrain_ep', 5, 300, 5)
/users/Min/GAug/optuna_HGAugO_test.py:130: FutureWarning: suggest_discrete_uniform has been deprecated in v3.0.0. This feature will be removed in v6.0.0. See https://github.com/optuna/optuna/releases/tag/v3.0.0. Use suggest_float(..., step=...) instead.
  pretrain_nc = trial.suggest_discrete_uniform('pretrain_nc', 5, 300, 5)
