[I 2023-12-07 15:36:17,208] Trial 8 finished with value: 0.37694704049844235 and parameters: {'alpha': 0.3, 'beta': 0.0, 'temp': 1.2000000000000002, 'warmup': 5, 'pretrain_ep': 255.0, 'pretrain_nc': 130.0, 'dataset': 'cora', 'gnn': 'gcn', 'acc': 0.37694704049844235, 'std': 0.0}. Best is trial 5 with value: 0.4205607476635514.
/users/Min/GAug/optuna_HGAugO.py:135: FutureWarning: suggest_discrete_uniform has been deprecated in v3.0.0. This feature will be removed in v6.0.0. See https://github.com/optuna/optuna/releases/tag/v3.0.0. Use suggest_float(..., step=...) instead.
  change_frac = trial.suggest_discrete_uniform('alpha', 0, 1, 0.01)
/users/Min/GAug/optuna_HGAugO.py:136: FutureWarning: suggest_discrete_uniform has been deprecated in v3.0.0. This feature will be removed in v6.0.0. See https://github.com/optuna/optuna/releases/tag/v3.0.0. Use suggest_float(..., step=...) instead.
  beta = trial.suggest_discrete_uniform('beta', 0.0, 4.0, 0.1)
/users/Min/GAug/optuna_HGAugO.py:137: FutureWarning: suggest_discrete_uniform has been deprecated in v3.0.0. This feature will be removed in v6.0.0. See https://github.com/optuna/optuna/releases/tag/v3.0.0. Use suggest_float(..., step=...) instead.
  temp = trial.suggest_discrete_uniform('temp', 0.1, 2.1, 0.1)
/users/Min/GAug/optuna_HGAugO.py:139: FutureWarning: suggest_discrete_uniform has been deprecated in v3.0.0. This feature will be removed in v6.0.0. See https://github.com/optuna/optuna/releases/tag/v3.0.0. Use suggest_float(..., step=...) instead.
  pretrain_ep = trial.suggest_discrete_uniform('pretrain_ep', 5, 300, 5)
/users/Min/GAug/optuna_HGAugO.py:140: FutureWarning: suggest_discrete_uniform has been deprecated in v3.0.0. This feature will be removed in v6.0.0. See https://github.com/optuna/optuna/releases/tag/v3.0.0. Use suggest_float(..., step=...) instead.
  pretrain_nc = trial.suggest_discrete_uniform('pretrain_nc', 5, 300, 5)
/users/Min/GAug/optuna_HGAugO.py:150: FutureWarning: suggest_uniform has been deprecated in v3.0.0. This feature will be removed in v6.0.0. See https://github.com/optuna/optuna/releases/tag/v3.0.0. Use suggest_float instead.
  trial.suggest_uniform('acc', acc, acc)
/users/Min/GAug/optuna_HGAugO.py:151: FutureWarning: suggest_uniform has been deprecated in v3.0.0. This feature will be removed in v6.0.0. See https://github.com/optuna/optuna/releases/tag/v3.0.0. Use suggest_float instead.
  trial.suggest_uniform('std', std, std)
[I 2023-12-07 16:13:55,996] Trial 9 finished with value: 0.4186137071651091 and parameters: {'alpha': 0.26, 'beta': 0.4, 'temp': 1.9000000000000001, 'warmup': 9, 'pretrain_ep': 285.0, 'pretrain_nc': 195.0, 'dataset': 'cora', 'gnn': 'gcn', 'acc': 0.4186137071651091, 'std': 5.551115123125783e-17}. Best is trial 5 with value: 0.4205607476635514.
Number of finished trials:  10
Best trial:
  Value:  0.4205607476635514
  Params: 
    alpha: 0.73
    beta: 3.6
    temp: 0.4
    warmup: 7
    pretrain_ep: 250.0
    pretrain_nc: 160.0
    dataset: cora
    gnn: gcn
    acc: 0.4205607476635514
    std: 0.0
